<?xml version="1.0" encoding="UTF-8"?>
<!-- Generated by org.testng.reporters.JUnitXMLReporter -->
<testsuite hostname="LAPTOP-3CL1E36E" ignored="2" name="Test" tests="7" failures="1" timestamp="2020-06-03T20:39:04 EDT" time="48.521" errors="0">
  <testcase name="signUpPageTest" time="3.604" classname="com.testcases.signUpTest"/>
  <testcase name="signUpPageTest" time="3.522" classname="com.testcases.signUpTest"/>
  <testcase name="signUpPageTest" time="4.111" classname="com.testcases.signUpTest"/>
  <testcase name="signUpPageTest" time="4.286" classname="com.testcases.signUpTest"/>
  <testcase name="loginToFacebook" time="2.555" classname="com.testcases.loginTest"/>
  <testcase name="personalProfile" time="6.11" classname="com.testcases.loginTest"/>
  <testcase name="failTest" time="0.003" classname="com.testcases.failedTest">
    <failure type="java.lang.AssertionError" message="expected [Logic] but found [Code]">
      <![CDATA[java.lang.AssertionError: expected [Logic] but found [Code]
at com.testcases.failedTest.failTest(failedTest.java:14)
at java.util.ArrayList.forEach(Unknown Source)
... Removed 32 stack frames]]>
    </failure>
  </testcase> <!-- failTest -->
  <testcase name="@BeforeSuite setupSuite" time="0.0" classname="com.utility.browsersFactory">
    <ignored/>
  </testcase> <!-- @BeforeSuite setupSuite -->
  <testcase name="@BeforeSuite setupSuite" time="0.0" classname="com.utility.browsersFactory">
    <ignored/>
  </testcase> <!-- @BeforeSuite setupSuite -->
</testsuite> <!-- Test -->
