<?xml version="1.0" encoding="UTF-8"?>
<!-- Generated by org.testng.reporters.JUnitXMLReporter -->
<testsuite hostname="LAPTOP-3CL1E36E" ignored="0" name="Test" tests="5" failures="0" timestamp="2020-05-30T22:06:28 EDT" time="30.546" errors="0">
  <testcase name="signUpPageTest" time="3.182" classname="com.testcases.signUpTest"/>
  <testcase name="signUpPageTest" time="4.059" classname="com.testcases.signUpTest"/>
  <testcase name="signUpPageTest" time="3.96" classname="com.testcases.signUpTest"/>
  <testcase name="signUpPageTest" time="4.173" classname="com.testcases.signUpTest"/>
  <testcase name="loginToFacebook" time="0.952" classname="com.testcases.loginTest"/>
</testsuite> <!-- Test -->
